<?xml version="1.0" encoding="UTF-8"?>
<!-- Generated by org.testng.reporters.JUnitXMLReporter -->
<testsuite ignored="2" hostname="JyothiRdy-win10pro" failures="0" tests="1" name="Test" time="20.602" errors="0" timestamp="2023-12-19T18:38:26 IST">
  <testcase classname="contactTest.CreateContactTest" name="CreateContactWithMandatoryFields" time="11.014"/>
  <testcase classname="practice555.AssertionPractice" name="sample" time="0.0">
    <ignored/>
  </testcase> <!-- sample -->
  <testcase classname="practice555.TestNgPractice" name="sample" time="0.0">
    <ignored/>
  </testcase> <!-- sample -->
</testsuite> <!-- Test -->
