<?xml version="1.0" encoding="UTF-8"?>
<!-- Generated by org.testng.reporters.JUnitXMLReporter -->
<testsuite ignored="2" hostname="JyothiRdy-win10pro" failures="1" tests="2" name="Test" time="38.796" errors="0" timestamp="2023-12-27T18:19:18 IST">
  <testcase classname="contactTest.CreateContactWithLeadSourceTest" name="CreateContactWithMandatoryFieldsL" time="11.433"/>
  <testcase classname="contactTest.CreateContactTest" name="CreateContactWithMandatoryFieldsC" time="11.159">
    <failure type="java.lang.AssertionError" message="null">
      <![CDATA[java.lang.AssertionError: null
at contactTest.CreateContactTest.CreateContactWithMandatoryFieldsC(CreateContactTest.java:49)
at java.base/java.util.ArrayList.forEach(ArrayList.java:1511)
... Removed 29 stack frames]]>
    </failure>
  </testcase> <!-- CreateContactWithMandatoryFieldsC -->
  <testcase classname="genericUtilities.BaseClass" name="@BeforeSuite bsConfig" time="0.0">
    <ignored/>
  </testcase> <!-- @BeforeSuite bsConfig -->
  <testcase classname="genericUtilities.BaseClass" name="@AfterSuite asConfig" time="0.0">
    <ignored/>
  </testcase> <!-- @AfterSuite asConfig -->
</testsuite> <!-- Test -->
