<?xml version="1.0" encoding="UTF-8"?>
<testng-results ignored="2" total="4" passed="1" failed="1" skipped="0">
  <reporter-output>
  </reporter-output>
  <suite started-at="2023-12-27T18:18:39 IST" name="BatchSuite" finished-at="2023-12-27T18:19:18 IST" duration-ms="38796">
    <groups>
      <group name="BatchExecutionSuite">
        <method signature="CreateContactWithLeadSourceTest.CreateContactWithMandatoryFieldsL()[pri:0, instance:contactTest.CreateContactWithLeadSourceTest@7d4f9aae]" name="CreateContactWithMandatoryFieldsL" class="contactTest.CreateContactWithLeadSourceTest"/>
      </group> <!-- BatchExecutionSuite -->
      <group name="SmokeSuite">
        <method signature="CreateContactTest.CreateContactWithMandatoryFieldsC()[pri:0, instance:contactTest.CreateContactTest@771a660]" name="CreateContactWithMandatoryFieldsC" class="contactTest.CreateContactTest"/>
      </group> <!-- SmokeSuite -->
    </groups>
    <test started-at="2023-12-27T18:18:39 IST" name="Test" finished-at="2023-12-27T18:19:18 IST" duration-ms="38796">
      <class name="contactTest.CreateContactTest">
        <test-method is-config="true" signature="bcConfig()[pri:0, instance:contactTest.CreateContactTest@771a660]" started-at="2023-12-27T18:18:59 IST" name="bcConfig" finished-at="2023-12-27T18:19:02 IST" duration-ms="2716" status="PASS">
          <reporter-output>
          </reporter-output>
        </test-method> <!-- bcConfig -->
        <test-method is-config="true" signature="bmconfig()[pri:0, instance:contactTest.CreateContactTest@771a660]" started-at="2023-12-27T18:19:02 IST" name="bmconfig" finished-at="2023-12-27T18:19:04 IST" duration-ms="2743" status="PASS">
          <reporter-output>
          </reporter-output>
        </test-method> <!-- bmconfig -->
        <test-method signature="CreateContactWithMandatoryFieldsC()[pri:0, instance:contactTest.CreateContactTest@771a660]" started-at="2023-12-27T18:19:04 IST" name="CreateContactWithMandatoryFieldsC" finished-at="2023-12-27T18:19:15 IST" duration-ms="11159" status="FAIL">
          <exception class="java.lang.AssertionError">
            <message>
              <![CDATA[null]]>
            </message>
            <full-stacktrace>
              <![CDATA[java.lang.AssertionError: null
at org.testng.Assert.fail(Assert.java:110)
at org.testng.Assert.fail(Assert.java:115)
at contactTest.CreateContactTest.CreateContactWithMandatoryFieldsC(CreateContactTest.java:49)
at java.base/jdk.internal.reflect.NativeMethodAccessorImpl.invoke0(Native Method)
at java.base/jdk.internal.reflect.NativeMethodAccessorImpl.invoke(NativeMethodAccessorImpl.java:77)
at java.base/jdk.internal.reflect.DelegatingMethodAccessorImpl.invoke(DelegatingMethodAccessorImpl.java:43)
at java.base/java.lang.reflect.Method.invoke(Method.java:568)
at org.testng.internal.invokers.MethodInvocationHelper.invokeMethod(MethodInvocationHelper.java:139)
at org.testng.internal.invokers.TestInvoker.invokeMethod(TestInvoker.java:677)
at org.testng.internal.invokers.TestInvoker.invokeTestMethod(TestInvoker.java:221)
at org.testng.internal.invokers.MethodRunner.runInSequence(MethodRunner.java:50)
at org.testng.internal.invokers.TestInvoker$MethodInvocationAgent.invoke(TestInvoker.java:969)
at org.testng.internal.invokers.TestInvoker.invokeTestMethods(TestInvoker.java:194)
at org.testng.internal.invokers.TestMethodWorker.invokeTestMethods(TestMethodWorker.java:148)
at org.testng.internal.invokers.TestMethodWorker.run(TestMethodWorker.java:128)
at java.base/java.util.ArrayList.forEach(ArrayList.java:1511)
at org.testng.TestRunner.privateRun(TestRunner.java:829)
at org.testng.TestRunner.run(TestRunner.java:602)
at org.testng.SuiteRunner.runTest(SuiteRunner.java:437)
at org.testng.SuiteRunner.runSequentially(SuiteRunner.java:431)
at org.testng.SuiteRunner.privateRun(SuiteRunner.java:391)
at org.testng.SuiteRunner.run(SuiteRunner.java:330)
at org.testng.SuiteRunnerWorker.runSuite(SuiteRunnerWorker.java:52)
at org.testng.SuiteRunnerWorker.run(SuiteRunnerWorker.java:95)
at org.testng.TestNG.runSuitesSequentially(TestNG.java:1256)
at org.testng.TestNG.runSuitesLocally(TestNG.java:1176)
at org.testng.TestNG.runSuites(TestNG.java:1099)
at org.testng.TestNG.run(TestNG.java:1067)
at org.testng.remote.AbstractRemoteTestNG.run(AbstractRemoteTestNG.java:115)
at org.testng.remote.RemoteTestNG.initAndRun(RemoteTestNG.java:251)
at org.testng.remote.RemoteTestNG.main(RemoteTestNG.java:77)
]]>
            </full-stacktrace>
          </exception> <!-- java.lang.AssertionError -->
          <reporter-output>
          </reporter-output>
        </test-method> <!-- CreateContactWithMandatoryFieldsC -->
        <test-method is-config="true" signature="amConfig()[pri:0, instance:contactTest.CreateContactTest@771a660]" started-at="2023-12-27T18:19:16 IST" name="amConfig" finished-at="2023-12-27T18:19:18 IST" duration-ms="2264" status="PASS">
          <reporter-output>
          </reporter-output>
        </test-method> <!-- amConfig -->
      </class> <!-- contactTest.CreateContactTest -->
      <class name="contactTest.CreateContactWithLeadSourceTest">
        <test-method is-config="true" signature="bsConfig()[pri:0, instance:contactTest.CreateContactWithLeadSourceTest@7d4f9aae]" started-at="2023-12-27T18:18:39 IST" name="bsConfig" finished-at="2023-12-27T18:18:39 IST" duration-ms="23" status="PASS">
          <reporter-output>
          </reporter-output>
        </test-method> <!-- bsConfig -->
        <test-method is-config="true" signature="bcConfig()[pri:0, instance:contactTest.CreateContactWithLeadSourceTest@7d4f9aae]" started-at="2023-12-27T18:18:40 IST" name="bcConfig" finished-at="2023-12-27T18:18:43 IST" duration-ms="3748" status="PASS">
          <reporter-output>
          </reporter-output>
        </test-method> <!-- bcConfig -->
        <test-method is-config="true" signature="bmconfig()[pri:0, instance:contactTest.CreateContactWithLeadSourceTest@7d4f9aae]" started-at="2023-12-27T18:18:43 IST" name="bmconfig" finished-at="2023-12-27T18:18:46 IST" duration-ms="2651" status="PASS">
          <reporter-output>
          </reporter-output>
        </test-method> <!-- bmconfig -->
        <test-method signature="CreateContactWithMandatoryFieldsL()[pri:0, instance:contactTest.CreateContactWithLeadSourceTest@7d4f9aae]" started-at="2023-12-27T18:18:46 IST" name="CreateContactWithMandatoryFieldsL" finished-at="2023-12-27T18:18:58 IST" duration-ms="11433" status="PASS">
          <reporter-output>
          </reporter-output>
        </test-method> <!-- CreateContactWithMandatoryFieldsL -->
        <test-method is-config="true" signature="amConfig()[pri:0, instance:contactTest.CreateContactWithLeadSourceTest@7d4f9aae]" started-at="2023-12-27T18:18:58 IST" name="amConfig" finished-at="2023-12-27T18:18:59 IST" duration-ms="1277" status="PASS">
          <reporter-output>
          </reporter-output>
        </test-method> <!-- amConfig -->
        <test-method is-config="true" signature="asConfig()[pri:0, instance:contactTest.CreateContactWithLeadSourceTest@7d4f9aae]" started-at="2023-12-27T18:19:19 IST" name="asConfig" finished-at="2023-12-27T18:19:19 IST" duration-ms="1" status="PASS">
          <reporter-output>
          </reporter-output>
        </test-method> <!-- asConfig -->
      </class> <!-- contactTest.CreateContactWithLeadSourceTest -->
    </test> <!-- Test -->
  </suite> <!-- BatchSuite -->
</testng-results>
